Started at Sun May 03 09:25:15 UTC 2020
Processing choice-paramter-job
Offering choice-paramter-job to Project Build Discarder
Processing logic-paramterized-zone
Offering logic-paramterized-zone to Project Build Discarder
Processing my-first-job
Offering my-first-job to Project Build Discarder
Processing my-second-job
Offering my-second-job to Project Build Discarder
Processing parameterized_job
Offering parameterized_job to Project Build Discarder
Processing remote_job
Offering remote_job to Project Build Discarder
Finished at Sun May 03 09:25:15 UTC 2020. 4ms
Started at Sun May 03 10:25:15 UTC 2020
Processing choice-paramter-job
Offering choice-paramter-job to Project Build Discarder
Processing logic-paramterized-zone
Offering logic-paramterized-zone to Project Build Discarder
Processing my-first-job
Offering my-first-job to Project Build Discarder
Processing my-second-job
Offering my-second-job to Project Build Discarder
Processing parameterized_job
Offering parameterized_job to Project Build Discarder
Processing remote_job
Offering remote_job to Project Build Discarder
Finished at Sun May 03 10:25:15 UTC 2020. 2ms
Started at Sun May 03 11:25:15 UTC 2020
Processing choice-paramter-job
Offering choice-paramter-job to Project Build Discarder
Processing logic-paramterized-zone
Offering logic-paramterized-zone to Project Build Discarder
Processing my-first-job
Offering my-first-job to Project Build Discarder
Processing my-second-job
Offering my-second-job to Project Build Discarder
Processing parameterized_job
Offering parameterized_job to Project Build Discarder
Processing remote_job
Offering remote_job to Project Build Discarder
Finished at Sun May 03 11:25:15 UTC 2020. 2ms
Started at Sun May 03 12:25:15 UTC 2020
Processing choice-paramter-job
Offering choice-paramter-job to Project Build Discarder
Processing logic-paramterized-zone
Offering logic-paramterized-zone to Project Build Discarder
Processing my-first-job
Offering my-first-job to Project Build Discarder
Processing my-second-job
Offering my-second-job to Project Build Discarder
Processing parameterized_job
Offering parameterized_job to Project Build Discarder
Processing remote_job
Offering remote_job to Project Build Discarder
Finished at Sun May 03 12:25:15 UTC 2020. 2ms
Started at Sun May 03 13:25:15 UTC 2020
Processing choice-paramter-job
Offering choice-paramter-job to Project Build Discarder
Processing logic-paramterized-zone
Offering logic-paramterized-zone to Project Build Discarder
Processing my-first-job
Offering my-first-job to Project Build Discarder
Processing my-second-job
Offering my-second-job to Project Build Discarder
Processing parameterized_job
Offering parameterized_job to Project Build Discarder
Processing remote_job
Offering remote_job to Project Build Discarder
Finished at Sun May 03 13:25:15 UTC 2020. 2ms
Started at Sun May 03 14:25:15 UTC 2020
Processing choice-paramter-job
Offering choice-paramter-job to Project Build Discarder
Processing logic-paramterized-zone
Offering logic-paramterized-zone to Project Build Discarder
Processing my-first-job
Offering my-first-job to Project Build Discarder
Processing my-second-job
Offering my-second-job to Project Build Discarder
Processing parameterized_job
Offering parameterized_job to Project Build Discarder
Processing remote_job
Offering remote_job to Project Build Discarder
Finished at Sun May 03 14:25:15 UTC 2020. 3ms
Started at Sun May 03 15:25:15 UTC 2020
Processing choice-paramter-job
Offering choice-paramter-job to Project Build Discarder
Processing logic-paramterized-zone
Offering logic-paramterized-zone to Project Build Discarder
Processing my-first-job
Offering my-first-job to Project Build Discarder
Processing my-second-job
Offering my-second-job to Project Build Discarder
Processing parameterized_job
Offering parameterized_job to Project Build Discarder
Processing remote_job
Offering remote_job to Project Build Discarder
Finished at Sun May 03 15:25:15 UTC 2020. 2ms
Started at Sun May 03 16:25:15 UTC 2020
Processing choice-paramter-job
Offering choice-paramter-job to Project Build Discarder
Processing logic-paramterized-zone
Offering logic-paramterized-zone to Project Build Discarder
Processing my-first-job
Offering my-first-job to Project Build Discarder
Processing my-second-job
Offering my-second-job to Project Build Discarder
Processing parameterized_job
Offering parameterized_job to Project Build Discarder
Processing remote_job
Offering remote_job to Project Build Discarder
Finished at Sun May 03 16:25:15 UTC 2020. 2ms
Started at Sun May 03 17:25:15 UTC 2020
Processing backup to AWS
Offering backup to AWS to Project Build Discarder
Processing choice-paramter-job
Offering choice-paramter-job to Project Build Discarder
Processing logic-paramterized-zone
Offering logic-paramterized-zone to Project Build Discarder
Processing my-first-job
Offering my-first-job to Project Build Discarder
Processing my-second-job
Offering my-second-job to Project Build Discarder
Processing parameterized_job
Offering parameterized_job to Project Build Discarder
Processing remote_job
Offering remote_job to Project Build Discarder
Finished at Sun May 03 17:25:15 UTC 2020. 2ms
